<?xml version="1.0" encoding="UTF-8"?>
<testng-results ignored="0" total="1" passed="1" failed="0" skipped="0">
  <reporter-output>
  </reporter-output>
  <suite started-at="2021-08-01T20:18:33 CDT" name="Default suite" finished-at="2021-08-01T20:19:37 CDT" duration-ms="64298">
    <groups>
    </groups>
    <test started-at="2021-08-01T20:18:33 CDT" name="Default test" finished-at="2021-08-01T20:19:37 CDT" duration-ms="64298">
      <class name="com.amazon.testscripts.SearchBookTestScript">
        <test-method is-config="true" signature="beforeTest()[pri:0, instance:com.amazon.testscripts.SearchBookTestScript@53976f5c]" started-at="2021-08-01T20:18:33 CDT" name="beforeTest" finished-at="2021-08-01T20:18:40 CDT" duration-ms="7053" status="PASS">
          <reporter-output>
          </reporter-output>
        </test-method> <!-- beforeTest -->
        <test-method signature="searchTest()[pri:0, instance:com.amazon.testscripts.SearchBookTestScript@53976f5c]" started-at="2021-08-01T20:18:40 CDT" name="searchTest" finished-at="2021-08-01T20:19:30 CDT" duration-ms="49619" status="PASS">
          <reporter-output>
          </reporter-output>
        </test-method> <!-- searchTest -->
        <test-method is-config="true" signature="tearDown()[pri:0, instance:com.amazon.testscripts.SearchBookTestScript@53976f5c]" started-at="2021-08-01T20:19:30 CDT" name="tearDown" finished-at="2021-08-01T20:19:37 CDT" duration-ms="7499" status="PASS">
          <reporter-output>
          </reporter-output>
        </test-method> <!-- tearDown -->
      </class> <!-- com.amazon.testscripts.SearchBookTestScript -->
    </test> <!-- Default test -->
  </suite> <!-- Default suite -->
</testng-results>
