<?xml version="1.0" encoding="UTF-8"?>
<testng-results ignored="0" total="1" passed="1" failed="0" skipped="0">
  <reporter-output>
  </reporter-output>
  <suite started-at="2021-08-01T20:21:45 CDT" name="Default suite" finished-at="2021-08-01T20:21:47 CDT" duration-ms="2298">
    <groups>
    </groups>
    <test started-at="2021-08-01T20:21:45 CDT" name="Default test" finished-at="2021-08-01T20:21:47 CDT" duration-ms="2298">
      <class name="com.amazon.RestAssuredAPI.GetAPI">
        <test-method signature="getEmployeeDetails()[pri:0, instance:com.amazon.RestAssuredAPI.GetAPI@40cb8df7]" started-at="2021-08-01T20:21:45 CDT" name="getEmployeeDetails" finished-at="2021-08-01T20:21:47 CDT" duration-ms="2260" status="PASS">
          <reporter-output>
          </reporter-output>
        </test-method> <!-- getEmployeeDetails -->
      </class> <!-- com.amazon.RestAssuredAPI.GetAPI -->
    </test> <!-- Default test -->
  </suite> <!-- Default suite -->
</testng-results>
